<?xml version="1.0" encoding="UTF-8"?>
<robot generator="Rebot 7.0 (Python 3.12.2 on win32)" generated="2024-09-11T09:02:24.697589" rpa="false" schemaversion="5">
<suite id="s1" name="Edit-Budget" source="C:\Users\VICTOR\Desktop\ENG\FinanSave\front\Tests\edit-budget.robot">
<test id="s1-t1" name="Edit budget" line="17">
<kw name="Generate Random String" owner="String">
<msg time="2024-09-11T09:02:12.181493" level="INFO">${RANDOM_STRING} = LRmAhAnoRH</msg>
<var>${RANDOM_STRING}</var>
<arg>10</arg>
<arg>[LETTERS]</arg>
<doc>Generates a string with a desired ``length`` from the given ``chars``.</doc>
<status status="PASS" start="2024-09-11T09:02:12.181493" elapsed="0.000722"/>
</kw>
<kw name="Set Variable" owner="BuiltIn">
<msg time="2024-09-11T09:02:12.182361" level="INFO">${USERNAME} = user_LRmAhAnoRH</msg>
<var>${USERNAME}</var>
<arg>user_${RANDOM_STRING}</arg>
<doc>Returns the given values which can then be assigned to a variables.</doc>
<status status="PASS" start="2024-09-11T09:02:12.182361" elapsed="0.000000"/>
</kw>
<kw name="Set Variable" owner="BuiltIn">
<msg time="2024-09-11T09:02:12.182361" level="INFO">${EMAIL} = LRmAhAnoRH@email.com</msg>
<var>${EMAIL}</var>
<arg>${RANDOM_STRING}@email.com</arg>
<doc>Returns the given values which can then be assigned to a variables.</doc>
<status status="PASS" start="2024-09-11T09:02:12.182361" elapsed="0.000000"/>
</kw>
<kw name="Open Browser" owner="SeleniumLibrary">
<msg time="2024-09-11T09:02:12.184233" level="INFO">Opening browser 'Chrome' to base url 'http://localhost:3000'.</msg>
<arg>${URL}</arg>
<arg>${BROWSER}</arg>
<doc>Opens a new browser instance to the optional ``url``.</doc>
<status status="PASS" start="2024-09-11T09:02:12.182361" elapsed="1.900990"/>
</kw>
<kw name="Maximize Browser Window" owner="SeleniumLibrary">
<doc>Maximizes current browser window.</doc>
<status status="PASS" start="2024-09-11T09:02:14.083351" elapsed="0.020752"/>
</kw>
<kw name="Wait Until Element Is Visible" owner="SeleniumLibrary">
<arg>xpath=/html/body/div/header/div/div[2]/div/button[1]</arg>
<doc>Waits until the element ``locator`` is visible.</doc>
<status status="PASS" start="2024-09-11T09:02:14.105428" elapsed="0.033271"/>
</kw>
<kw name="Scroll Element Into View" owner="SeleniumLibrary">
<arg>xpath=/html/body/div/header/div/div[2]/div/button[1]</arg>
<doc>Scrolls the element identified by ``locator`` into view.</doc>
<status status="PASS" start="2024-09-11T09:02:14.138699" elapsed="0.289348"/>
</kw>
<kw name="Click Button" owner="SeleniumLibrary">
<msg time="2024-09-11T09:02:14.428047" level="INFO">Clicking button 'xpath=/html/body/div/header/div/div[2]/div/button[1]'.</msg>
<arg>xpath=/html/body/div/header/div/div[2]/div/button[1]</arg>
<doc>Clicks the button identified by ``locator``.</doc>
<status status="PASS" start="2024-09-11T09:02:14.428047" elapsed="0.056652"/>
</kw>
<kw name="Sleep" owner="BuiltIn">
<msg time="2024-09-11T09:02:17.486178" level="INFO">Slept 3 seconds.</msg>
<arg>3s</arg>
<doc>Pauses the test executed for the given time.</doc>
<status status="PASS" start="2024-09-11T09:02:14.485693" elapsed="3.000485"/>
</kw>
<kw name="Wait Until Element Is Visible" owner="SeleniumLibrary">
<arg>xpath=//*[@id="firstName"]</arg>
<doc>Waits until the element ``locator`` is visible.</doc>
<status status="PASS" start="2024-09-11T09:02:17.486178" elapsed="0.018420"/>
</kw>
<kw name="Input Text" owner="SeleniumLibrary">
<msg time="2024-09-11T09:02:17.504598" level="INFO">Typing text 'John' into text field 'xpath=//*[@id="firstName"]'.</msg>
<arg>xpath=//*[@id="firstName"]</arg>
<arg>${FIRST_NAME}</arg>
<doc>Types the given ``text`` into the text field identified by ``locator``.</doc>
<status status="PASS" start="2024-09-11T09:02:17.504598" elapsed="0.083903"/>
</kw>
<kw name="Input Text" owner="SeleniumLibrary">
<msg time="2024-09-11T09:02:17.588501" level="INFO">Typing text 'Doe' into text field 'xpath=//*[@id="lastName"]'.</msg>
<arg>xpath=//*[@id="lastName"]</arg>
<arg>${LAST_NAME}</arg>
<doc>Types the given ``text`` into the text field identified by ``locator``.</doc>
<status status="PASS" start="2024-09-11T09:02:17.588501" elapsed="0.071305"/>
</kw>
<kw name="Input Text" owner="SeleniumLibrary">
<msg time="2024-09-11T09:02:17.660901" level="INFO">Typing text 'user_LRmAhAnoRH' into text field 'xpath=//*[@id="username"]'.</msg>
<arg>xpath=//*[@id="username"]</arg>
<arg>${USERNAME}</arg>
<doc>Types the given ``text`` into the text field identified by ``locator``.</doc>
<status status="PASS" start="2024-09-11T09:02:17.660901" elapsed="0.085816"/>
</kw>
<kw name="Input Text" owner="SeleniumLibrary">
<msg time="2024-09-11T09:02:17.746717" level="INFO">Typing text '123456' into text field 'xpath=//*[@id="password"]'.</msg>
<arg>xpath=//*[@id="password"]</arg>
<arg>${PASSWORD}</arg>
<doc>Types the given ``text`` into the text field identified by ``locator``.</doc>
<status status="PASS" start="2024-09-11T09:02:17.746717" elapsed="0.067137"/>
</kw>
<kw name="Input Text" owner="SeleniumLibrary">
<msg time="2024-09-11T09:02:17.815079" level="INFO">Typing text 'LRmAhAnoRH@email.com' into text field 'xpath=//*[@id="email"]'.</msg>
<arg>xpath=//*[@id="email"]</arg>
<arg>${EMAIL}</arg>
<doc>Types the given ``text`` into the text field identified by ``locator``.</doc>
<status status="PASS" start="2024-09-11T09:02:17.815079" elapsed="0.091346"/>
</kw>
<kw name="Wait Until Element Is Visible" owner="SeleniumLibrary">
<arg>xpath=//*[@id="isAdult"]</arg>
<doc>Waits until the element ``locator`` is visible.</doc>
<status status="PASS" start="2024-09-11T09:02:17.906941" elapsed="0.028896"/>
</kw>
<kw name="Click Element" owner="SeleniumLibrary">
<msg time="2024-09-11T09:02:17.936357" level="INFO">Clicking element 'xpath=//*[@id="isAdult"]'.</msg>
<arg>xpath=//*[@id="isAdult"]</arg>
<doc>Click the element identified by ``locator``.</doc>
<status status="PASS" start="2024-09-11T09:02:17.936357" elapsed="0.042084"/>
</kw>
<kw name="Wait Until Element Is Visible" owner="SeleniumLibrary">
<arg>xpath=//button[text()='Cadastrar']</arg>
<doc>Waits until the element ``locator`` is visible.</doc>
<status status="PASS" start="2024-09-11T09:02:17.978963" elapsed="0.026108"/>
</kw>
<kw name="Scroll Element Into View" owner="SeleniumLibrary">
<arg>xpath=//button[text()='Cadastrar']</arg>
<doc>Scrolls the element identified by ``locator`` into view.</doc>
<status status="PASS" start="2024-09-11T09:02:18.005071" elapsed="0.284678"/>
</kw>
<kw name="Click Button" owner="SeleniumLibrary">
<msg time="2024-09-11T09:02:18.290278" level="INFO">Clicking button 'xpath=//button[text()='Cadastrar']'.</msg>
<arg>xpath=//button[text()='Cadastrar']</arg>
<doc>Clicks the button identified by ``locator``.</doc>
<status status="PASS" start="2024-09-11T09:02:18.290278" elapsed="0.042014"/>
</kw>
<kw name="Wait Until Page Contains Element" owner="SeleniumLibrary">
<arg>xpath=//h1[text()='Fazer login']</arg>
<doc>Waits until the element ``locator`` appears on the current page.</doc>
<status status="PASS" start="2024-09-11T09:02:18.332292" elapsed="1.247393"/>
</kw>
<kw name="Input Text" owner="SeleniumLibrary">
<msg time="2024-09-11T09:02:19.579685" level="INFO">Typing text 'user_LRmAhAnoRH' into text field 'xpath=//*[@id="login"]'.</msg>
<arg>xpath=//*[@id="login"]</arg>
<arg>${USERNAME}</arg>
<doc>Types the given ``text`` into the text field identified by ``locator``.</doc>
<status status="PASS" start="2024-09-11T09:02:19.579685" elapsed="0.085547"/>
</kw>
<kw name="Input Text" owner="SeleniumLibrary">
<msg time="2024-09-11T09:02:19.665232" level="INFO">Typing text '123456' into text field 'xpath=//*[@id="senha"]'.</msg>
<arg>xpath=//*[@id="senha"]</arg>
<arg>${PASSWORD}</arg>
<doc>Types the given ``text`` into the text field identified by ``locator``.</doc>
<status status="PASS" start="2024-09-11T09:02:19.665232" elapsed="0.066803"/>
</kw>
<kw name="Wait Until Element Is Visible" owner="SeleniumLibrary">
<arg>xpath=/html/body/div/div/div/form/button</arg>
<doc>Waits until the element ``locator`` is visible.</doc>
<status status="PASS" start="2024-09-11T09:02:19.733042" elapsed="0.010683"/>
</kw>
<kw name="Click Element" owner="SeleniumLibrary">
<msg time="2024-09-11T09:02:19.743725" level="INFO">Clicking element 'xpath=/html/body/div/div/div/form/button'.</msg>
<arg>xpath=/html/body/div/div/div/form/button</arg>
<doc>Click the element identified by ``locator``.</doc>
<status status="PASS" start="2024-09-11T09:02:19.743725" elapsed="0.034431"/>
</kw>
<kw name="Wait Until Page Contains Element" owner="SeleniumLibrary">
<arg>xpath=/html/body/div/section[3]/button[6]</arg>
<doc>Waits until the element ``locator`` appears on the current page.</doc>
<status status="PASS" start="2024-09-11T09:02:19.779178" elapsed="0.833624"/>
</kw>
<kw name="Sleep" owner="BuiltIn">
<msg time="2024-09-11T09:02:21.613347" level="INFO">Slept 1 second.</msg>
<arg>1s</arg>
<doc>Pauses the test executed for the given time.</doc>
<status status="PASS" start="2024-09-11T09:02:20.612802" elapsed="1.000545"/>
</kw>
<kw name="Click Button" owner="SeleniumLibrary">
<msg time="2024-09-11T09:02:21.613347" level="INFO">Clicking button 'xpath=/html/body/div/section[3]/button[2]'.</msg>
<arg>xpath=/html/body/div/section[3]/button[2]</arg>
<doc>Clicks the button identified by ``locator``.</doc>
<status status="PASS" start="2024-09-11T09:02:21.613347" elapsed="0.055805"/>
</kw>
<kw name="Wait Until Element Is Visible" owner="SeleniumLibrary">
<arg>xpath=/html/body/div/div/div/h1</arg>
<doc>Waits until the element ``locator`` is visible.</doc>
<status status="PASS" start="2024-09-11T09:02:21.669482" elapsed="0.440160"/>
</kw>
<kw name="Input Text" owner="SeleniumLibrary">
<msg time="2024-09-11T09:02:22.109642" level="INFO">Typing text '5000' into text field 'xpath=//*[@id="saldo"]'.</msg>
<arg>xpath=//*[@id="saldo"]</arg>
<arg>${NEW_BALANCE}</arg>
<doc>Types the given ``text`` into the text field identified by ``locator``.</doc>
<status status="PASS" start="2024-09-11T09:02:22.109642" elapsed="0.099489"/>
</kw>
<kw name="Input Text" owner="SeleniumLibrary">
<msg time="2024-09-11T09:02:22.209131" level="INFO">Typing text '2200' into text field 'xpath=//*[@id="limite"]'.</msg>
<arg>xpath=//*[@id="limite"]</arg>
<arg>${SPENDING_LIMIT}</arg>
<doc>Types the given ``text`` into the text field identified by ``locator``.</doc>
<status status="PASS" start="2024-09-11T09:02:22.209131" elapsed="0.119948"/>
</kw>
<kw name="Input Text" owner="SeleniumLibrary">
<msg time="2024-09-11T09:02:22.329770" level="INFO">Typing text '3800' into text field 'xpath=//*[@id="metaEconomia"]'.</msg>
<arg>xpath=//*[@id="metaEconomia"]</arg>
<arg>${SAVING_GOAL}</arg>
<doc>Types the given ``text`` into the text field identified by ``locator``.</doc>
<status status="PASS" start="2024-09-11T09:02:22.329770" elapsed="0.092746"/>
</kw>
<kw name="Click Button" owner="SeleniumLibrary">
<msg time="2024-09-11T09:02:22.423515" level="INFO">Clicking button 'xpath=/html/body/div/div/div/form/button'.</msg>
<arg>xpath=/html/body/div/div/div/form/button</arg>
<doc>Clicks the button identified by ``locator``.</doc>
<status status="PASS" start="2024-09-11T09:02:22.422516" elapsed="0.060676"/>
</kw>
<kw name="Wait Until Element Is Visible" owner="SeleniumLibrary">
<arg>xpath=/html/body/div/div[2]/div/div/button[1]</arg>
<doc>Waits until the element ``locator`` is visible.</doc>
<status status="PASS" start="2024-09-11T09:02:22.483192" elapsed="0.018290"/>
</kw>
<kw name="Click Button" owner="SeleniumLibrary">
<msg time="2024-09-11T09:02:22.502493" level="INFO">Clicking button 'xpath=/html/body/div/div[2]/div/div/button[1]'.</msg>
<arg>xpath=/html/body/div/div[2]/div/div/button[1]</arg>
<doc>Clicks the button identified by ``locator``.</doc>
<status status="PASS" start="2024-09-11T09:02:22.501482" elapsed="0.057295"/>
</kw>
<kw name="Close Browser" owner="SeleniumLibrary" type="TEARDOWN">
<doc>Closes the current browser.</doc>
<status status="PASS" start="2024-09-11T09:02:22.559892" elapsed="2.132253"/>
</kw>
<doc>Test para editar orçamento no sistema Finansave.</doc>
<status status="PASS" start="2024-09-11T09:02:12.180111" elapsed="12.512034"/>
</test>
<status status="PASS" start="2024-09-11T09:02:12.003274" elapsed="12.688871"/>
</suite>
<statistics>
<total>
<stat pass="1" fail="0" skip="0">All Tests</stat>
</total>
<tag>
</tag>
<suite>
<stat pass="1" fail="0" skip="0" id="s1" name="Edit-Budget">Edit-Budget</stat>
</suite>
</statistics>
<errors>
</errors>
</robot>
