<?xml version="1.0" encoding="UTF-8"?>
<robot generator="Rebot 7.0 (Python 3.12.2 on win32)" generated="2024-09-11T18:26:30.184643" rpa="false" schemaversion="5">
<suite id="s1" name="CT02-login" source="C:\Users\VICTOR\Desktop\ENG\FinanSave\front\Tests\CT02-login.robot">
<test id="s1-t1" name="Fazer Login Com Nova Conta" line="11">
<kw name="Open Browser" owner="SeleniumLibrary">
<msg time="2024-09-11T18:26:23.171578" level="INFO">Opening browser 'Chrome' to base url 'http://localhost:3000'.</msg>
<arg>${URL}</arg>
<arg>${BROWSER}</arg>
<doc>Opens a new browser instance to the optional ``url``.</doc>
<status status="PASS" start="2024-09-11T18:26:23.171578" elapsed="2.119053"/>
</kw>
<kw name="Maximize Browser Window" owner="SeleniumLibrary">
<doc>Maximizes current browser window.</doc>
<status status="PASS" start="2024-09-11T18:26:25.292434" elapsed="0.033717"/>
</kw>
<kw name="Wait Until Element Is Visible" owner="SeleniumLibrary">
<arg>xpath=/html/body/div/header/div/div[2]/div/button[2]</arg>
<doc>Waits until the element ``locator`` is visible.</doc>
<status status="PASS" start="2024-09-11T18:26:25.326151" elapsed="0.029291"/>
</kw>
<kw name="Click Element" owner="SeleniumLibrary">
<msg time="2024-09-11T18:26:25.355442" level="INFO">Clicking element 'xpath=/html/body/div/header/div/div[2]/div/button[2]'.</msg>
<arg>xpath=/html/body/div/header/div/div[2]/div/button[2]</arg>
<doc>Click the element identified by ``locator``.</doc>
<status status="PASS" start="2024-09-11T18:26:25.355442" elapsed="0.050670"/>
</kw>
<kw name="Wait Until Element Is Visible" owner="SeleniumLibrary">
<arg>xpath=//*[@id="login"]</arg>
<doc>Waits until the element ``locator`` is visible.</doc>
<status status="PASS" start="2024-09-11T18:26:25.406112" elapsed="0.234843"/>
</kw>
<kw name="Input Text" owner="SeleniumLibrary">
<msg time="2024-09-11T18:26:25.640955" level="INFO">Typing text '123@gmail.com' into text field 'xpath=//*[@id="login"]'.</msg>
<arg>xpath=//*[@id="login"]</arg>
<arg>${USERNAME}</arg>
<doc>Types the given ``text`` into the text field identified by ``locator``.</doc>
<status status="PASS" start="2024-09-11T18:26:25.640955" elapsed="0.133584"/>
</kw>
<kw name="Input Text" owner="SeleniumLibrary">
<msg time="2024-09-11T18:26:25.774539" level="INFO">Typing text '123123' into text field 'xpath=//*[@id="senha"]'.</msg>
<arg>xpath=//*[@id="senha"]</arg>
<arg>${PASSWORD}</arg>
<doc>Types the given ``text`` into the text field identified by ``locator``.</doc>
<status status="PASS" start="2024-09-11T18:26:25.774539" elapsed="0.092169"/>
</kw>
<kw name="Wait Until Element Is Visible" owner="SeleniumLibrary">
<arg>xpath=/html/body/div/div/div/form/button</arg>
<doc>Waits until the element ``locator`` is visible.</doc>
<status status="PASS" start="2024-09-11T18:26:25.867200" elapsed="0.016337"/>
</kw>
<kw name="Click Element" owner="SeleniumLibrary">
<msg time="2024-09-11T18:26:25.883537" level="INFO">Clicking element 'xpath=/html/body/div/div/div/form/button'.</msg>
<arg>xpath=/html/body/div/div/div/form/button</arg>
<doc>Click the element identified by ``locator``.</doc>
<status status="PASS" start="2024-09-11T18:26:25.883537" elapsed="0.054168"/>
</kw>
<kw name="Wait Until Page Contains Element" owner="SeleniumLibrary">
<arg>xpath=/html/body/div/section[3]/button[6]</arg>
<doc>Waits until the element ``locator`` appears on the current page.</doc>
<status status="PASS" start="2024-09-11T18:26:25.937705" elapsed="1.056029"/>
</kw>
<kw name="Sleep" owner="BuiltIn">
<msg time="2024-09-11T18:26:27.994909" level="INFO">Slept 1 second.</msg>
<arg>1s</arg>
<doc>Pauses the test executed for the given time.</doc>
<status status="PASS" start="2024-09-11T18:26:26.994652" elapsed="1.000257"/>
</kw>
<kw name="Close Browser" owner="SeleniumLibrary" type="TEARDOWN">
<doc>Closes the current browser.</doc>
<status status="PASS" start="2024-09-11T18:26:27.994909" elapsed="2.165420"/>
</kw>
<doc>Teste para fazer login no sistema Finansave.</doc>
<status status="PASS" start="2024-09-11T18:26:23.171578" elapsed="6.989499"/>
</test>
<status status="PASS" start="2024-09-11T18:26:22.928539" elapsed="7.233391"/>
</suite>
<statistics>
<total>
<stat pass="1" fail="0" skip="0">All Tests</stat>
</total>
<tag>
</tag>
<suite>
<stat pass="1" fail="0" skip="0" id="s1" name="CT02-login">CT02-login</stat>
</suite>
</statistics>
<errors>
</errors>
</robot>
