<?xml version="1.0" encoding="UTF-8"?>
<robot generator="Rebot 7.0 (Python 3.12.2 on win32)" generated="2024-09-11T18:27:27.336778" rpa="false" schemaversion="5">
<suite id="s1" name="CT04-entry" source="C:\Users\VICTOR\Desktop\ENG\FinanSave\front\Tests\CT04-entry.robot">
<test id="s1-t1" name="Add entry" line="23">
<kw name="Generate Random String" owner="String">
<msg time="2024-09-11T18:27:02.629370" level="INFO">${RANDOM_STRING} = RvmdESXRlK</msg>
<var>${RANDOM_STRING}</var>
<arg>10</arg>
<arg>[LETTERS]</arg>
<doc>Generates a string with a desired ``length`` from the given ``chars``.</doc>
<status status="PASS" start="2024-09-11T18:27:02.629370" elapsed="0.000000"/>
</kw>
<kw name="Set Variable" owner="BuiltIn">
<msg time="2024-09-11T18:27:02.630468" level="INFO">${USERNAME} = user_RvmdESXRlK</msg>
<var>${USERNAME}</var>
<arg>user_${RANDOM_STRING}</arg>
<doc>Returns the given values which can then be assigned to a variables.</doc>
<status status="PASS" start="2024-09-11T18:27:02.630468" elapsed="0.000000"/>
</kw>
<kw name="Set Variable" owner="BuiltIn">
<msg time="2024-09-11T18:27:02.630468" level="INFO">${EMAIL} = RvmdESXRlK@email.com</msg>
<var>${EMAIL}</var>
<arg>${RANDOM_STRING}@email.com</arg>
<doc>Returns the given values which can then be assigned to a variables.</doc>
<status status="PASS" start="2024-09-11T18:27:02.630468" elapsed="0.000000"/>
</kw>
<kw name="Open Browser" owner="SeleniumLibrary">
<msg time="2024-09-11T18:27:02.631526" level="INFO">Opening browser 'Chrome' to base url 'http://localhost:3000'.</msg>
<arg>${URL}</arg>
<arg>${BROWSER}</arg>
<doc>Opens a new browser instance to the optional ``url``.</doc>
<status status="PASS" start="2024-09-11T18:27:02.631526" elapsed="2.173310"/>
</kw>
<kw name="Maximize Browser Window" owner="SeleniumLibrary">
<doc>Maximizes current browser window.</doc>
<status status="PASS" start="2024-09-11T18:27:04.804836" elapsed="0.054590"/>
</kw>
<kw name="Wait Until Element Is Visible" owner="SeleniumLibrary">
<arg>xpath=/html/body/div/header/div/div[2]/div/button[1]</arg>
<doc>Waits until the element ``locator`` is visible.</doc>
<status status="PASS" start="2024-09-11T18:27:04.860894" elapsed="0.034945"/>
</kw>
<kw name="Scroll Element Into View" owner="SeleniumLibrary">
<arg>xpath=/html/body/div/header/div/div[2]/div/button[1]</arg>
<doc>Scrolls the element identified by ``locator`` into view.</doc>
<status status="PASS" start="2024-09-11T18:27:04.895839" elapsed="0.281568"/>
</kw>
<kw name="Click Button" owner="SeleniumLibrary">
<msg time="2024-09-11T18:27:05.178708" level="INFO">Clicking button 'xpath=/html/body/div/header/div/div[2]/div/button[1]'.</msg>
<arg>xpath=/html/body/div/header/div/div[2]/div/button[1]</arg>
<doc>Clicks the button identified by ``locator``.</doc>
<status status="PASS" start="2024-09-11T18:27:05.178708" elapsed="0.058280"/>
</kw>
<kw name="Sleep" owner="BuiltIn">
<msg time="2024-09-11T18:27:08.237813" level="INFO">Slept 3 seconds.</msg>
<arg>3s</arg>
<doc>Pauses the test executed for the given time.</doc>
<status status="PASS" start="2024-09-11T18:27:05.236988" elapsed="3.000825"/>
</kw>
<kw name="Wait Until Element Is Visible" owner="SeleniumLibrary">
<arg>xpath=//*[@id="firstName"]</arg>
<doc>Waits until the element ``locator`` is visible.</doc>
<status status="PASS" start="2024-09-11T18:27:08.237813" elapsed="0.023721"/>
</kw>
<kw name="Input Text" owner="SeleniumLibrary">
<msg time="2024-09-11T18:27:08.261534" level="INFO">Typing text 'John' into text field 'xpath=//*[@id="firstName"]'.</msg>
<arg>xpath=//*[@id="firstName"]</arg>
<arg>${FIRST_NAME}</arg>
<doc>Types the given ``text`` into the text field identified by ``locator``.</doc>
<status status="PASS" start="2024-09-11T18:27:08.261534" elapsed="0.139576"/>
</kw>
<kw name="Input Text" owner="SeleniumLibrary">
<msg time="2024-09-11T18:27:08.402628" level="INFO">Typing text 'Doe' into text field 'xpath=//*[@id="lastName"]'.</msg>
<arg>xpath=//*[@id="lastName"]</arg>
<arg>${LAST_NAME}</arg>
<doc>Types the given ``text`` into the text field identified by ``locator``.</doc>
<status status="PASS" start="2024-09-11T18:27:08.402628" elapsed="0.101045"/>
</kw>
<kw name="Input Text" owner="SeleniumLibrary">
<msg time="2024-09-11T18:27:08.505417" level="INFO">Typing text 'user_RvmdESXRlK' into text field 'xpath=//*[@id="username"]'.</msg>
<arg>xpath=//*[@id="username"]</arg>
<arg>${USERNAME}</arg>
<doc>Types the given ``text`` into the text field identified by ``locator``.</doc>
<status status="PASS" start="2024-09-11T18:27:08.504282" elapsed="0.142319"/>
</kw>
<kw name="Input Text" owner="SeleniumLibrary">
<msg time="2024-09-11T18:27:08.646601" level="INFO">Typing text '123456' into text field 'xpath=//*[@id="password"]'.</msg>
<arg>xpath=//*[@id="password"]</arg>
<arg>${PASSWORD}</arg>
<doc>Types the given ``text`` into the text field identified by ``locator``.</doc>
<status status="PASS" start="2024-09-11T18:27:08.646601" elapsed="0.111663"/>
</kw>
<kw name="Input Text" owner="SeleniumLibrary">
<msg time="2024-09-11T18:27:08.758264" level="INFO">Typing text 'RvmdESXRlK@email.com' into text field 'xpath=//*[@id="email"]'.</msg>
<arg>xpath=//*[@id="email"]</arg>
<arg>${EMAIL}</arg>
<doc>Types the given ``text`` into the text field identified by ``locator``.</doc>
<status status="PASS" start="2024-09-11T18:27:08.758264" elapsed="0.187020"/>
</kw>
<kw name="Wait Until Element Is Visible" owner="SeleniumLibrary">
<arg>xpath=//*[@id="isAdult"]</arg>
<doc>Waits until the element ``locator`` is visible.</doc>
<status status="PASS" start="2024-09-11T18:27:08.945284" elapsed="0.034715"/>
</kw>
<kw name="Click Element" owner="SeleniumLibrary">
<msg time="2024-09-11T18:27:08.981040" level="INFO">Clicking element 'xpath=//*[@id="isAdult"]'.</msg>
<arg>xpath=//*[@id="isAdult"]</arg>
<doc>Click the element identified by ``locator``.</doc>
<status status="PASS" start="2024-09-11T18:27:08.981040" elapsed="0.056227"/>
</kw>
<kw name="Wait Until Element Is Visible" owner="SeleniumLibrary">
<arg>xpath=//button[text()='Cadastrar']</arg>
<doc>Waits until the element ``locator`` is visible.</doc>
<status status="PASS" start="2024-09-11T18:27:09.037267" elapsed="0.028639"/>
</kw>
<kw name="Scroll Element Into View" owner="SeleniumLibrary">
<arg>xpath=//button[text()='Cadastrar']</arg>
<doc>Scrolls the element identified by ``locator`` into view.</doc>
<status status="PASS" start="2024-09-11T18:27:09.065906" elapsed="0.284314"/>
</kw>
<kw name="Click Button" owner="SeleniumLibrary">
<msg time="2024-09-11T18:27:09.350220" level="INFO">Clicking button 'xpath=//button[text()='Cadastrar']'.</msg>
<arg>xpath=//button[text()='Cadastrar']</arg>
<doc>Clicks the button identified by ``locator``.</doc>
<status status="PASS" start="2024-09-11T18:27:09.350220" elapsed="0.075700"/>
</kw>
<kw name="Wait Until Page Contains Element" owner="SeleniumLibrary">
<arg>xpath=//h1[text()='Fazer login']</arg>
<doc>Waits until the element ``locator`` appears on the current page.</doc>
<status status="PASS" start="2024-09-11T18:27:09.425920" elapsed="1.071420"/>
</kw>
<kw name="Input Text" owner="SeleniumLibrary">
<msg time="2024-09-11T18:27:10.497849" level="INFO">Typing text 'user_RvmdESXRlK' into text field 'xpath=//*[@id="login"]'.</msg>
<arg>xpath=//*[@id="login"]</arg>
<arg>${USERNAME}</arg>
<doc>Types the given ``text`` into the text field identified by ``locator``.</doc>
<status status="PASS" start="2024-09-11T18:27:10.497849" elapsed="0.133772"/>
</kw>
<kw name="Input Text" owner="SeleniumLibrary">
<msg time="2024-09-11T18:27:10.631621" level="INFO">Typing text '123456' into text field 'xpath=//*[@id="senha"]'.</msg>
<arg>xpath=//*[@id="senha"]</arg>
<arg>${PASSWORD}</arg>
<doc>Types the given ``text`` into the text field identified by ``locator``.</doc>
<status status="PASS" start="2024-09-11T18:27:10.631621" elapsed="0.133164"/>
</kw>
<kw name="Wait Until Element Is Visible" owner="SeleniumLibrary">
<arg>xpath=/html/body/div/div/div/form/button</arg>
<doc>Waits until the element ``locator`` is visible.</doc>
<status status="PASS" start="2024-09-11T18:27:10.765310" elapsed="0.024410"/>
</kw>
<kw name="Click Element" owner="SeleniumLibrary">
<msg time="2024-09-11T18:27:10.789720" level="INFO">Clicking element 'xpath=/html/body/div/div/div/form/button'.</msg>
<arg>xpath=/html/body/div/div/div/form/button</arg>
<doc>Click the element identified by ``locator``.</doc>
<status status="PASS" start="2024-09-11T18:27:10.789720" elapsed="0.047559"/>
</kw>
<kw name="Wait Until Page Contains Element" owner="SeleniumLibrary">
<arg>xpath=/html/body/div/section[3]/button[6]</arg>
<doc>Waits until the element ``locator`` appears on the current page.</doc>
<status status="PASS" start="2024-09-11T18:27:10.837955" elapsed="0.633056"/>
</kw>
<kw name="Sleep" owner="BuiltIn">
<msg time="2024-09-11T18:27:12.474700" level="INFO">Slept 1 second.</msg>
<arg>1s</arg>
<doc>Pauses the test executed for the given time.</doc>
<status status="PASS" start="2024-09-11T18:27:11.473794" elapsed="1.000906"/>
</kw>
<kw name="Click Button" owner="SeleniumLibrary">
<msg time="2024-09-11T18:27:12.474700" level="INFO">Clicking button 'xpath=/html/body/div/section[3]/button[1]'.</msg>
<arg>xpath=/html/body/div/section[3]/button[1]</arg>
<doc>Clicks the button identified by ``locator``.</doc>
<status status="PASS" start="2024-09-11T18:27:12.474700" elapsed="0.145975"/>
</kw>
<kw name="Sleep" owner="BuiltIn">
<msg time="2024-09-11T18:27:14.621638" level="INFO">Slept 2 seconds.</msg>
<arg>2s</arg>
<doc>Pauses the test executed for the given time.</doc>
<status status="PASS" start="2024-09-11T18:27:12.621058" elapsed="2.000580"/>
</kw>
<kw name="Wait Until Element Is Visible" owner="SeleniumLibrary">
<arg>xpath=/html/body/div/div/div/h1</arg>
<doc>Waits until the element ``locator`` is visible.</doc>
<status status="PASS" start="2024-09-11T18:27:14.621638" elapsed="0.023163"/>
</kw>
<kw name="Input Text" owner="SeleniumLibrary">
<msg time="2024-09-11T18:27:14.646008" level="INFO">Typing text '600000' into text field 'xpath=//*[@id="saldo"]'.</msg>
<arg>xpath=//*[@id="saldo"]</arg>
<arg>${BALANCE}</arg>
<doc>Types the given ``text`` into the text field identified by ``locator``.</doc>
<status status="PASS" start="2024-09-11T18:27:14.646008" elapsed="0.129701"/>
</kw>
<kw name="Input Text" owner="SeleniumLibrary">
<msg time="2024-09-11T18:27:14.778119" level="INFO">Typing text '320000' into text field 'xpath=//*[@id="limite"]'.</msg>
<arg>xpath=//*[@id="limite"]</arg>
<arg>${SPENDING_LIMIT}</arg>
<doc>Types the given ``text`` into the text field identified by ``locator``.</doc>
<status status="PASS" start="2024-09-11T18:27:14.775709" elapsed="0.117985"/>
</kw>
<kw name="Input Text" owner="SeleniumLibrary">
<msg time="2024-09-11T18:27:14.893694" level="INFO">Typing text '480000' into text field 'xpath=//*[@id="metaEconomia"]'.</msg>
<arg>xpath=//*[@id="metaEconomia"]</arg>
<arg>${SAVING_GOAL}</arg>
<doc>Types the given ``text`` into the text field identified by ``locator``.</doc>
<status status="PASS" start="2024-09-11T18:27:14.893694" elapsed="0.126300"/>
</kw>
<kw name="Click Button" owner="SeleniumLibrary">
<msg time="2024-09-11T18:27:15.021326" level="INFO">Clicking button 'xpath=/html/body/div/div/div/form/button'.</msg>
<arg>xpath=/html/body/div/div/div/form/button</arg>
<doc>Clicks the button identified by ``locator``.</doc>
<status status="PASS" start="2024-09-11T18:27:15.021326" elapsed="0.065864"/>
</kw>
<kw name="Sleep" owner="BuiltIn">
<msg time="2024-09-11T18:27:16.088355" level="INFO">Slept 1 second.</msg>
<arg>1s</arg>
<doc>Pauses the test executed for the given time.</doc>
<status status="PASS" start="2024-09-11T18:27:15.087190" elapsed="1.001165"/>
</kw>
<kw name="Wait Until Element Is Visible" owner="SeleniumLibrary">
<arg>xpath=/html/body/div/div[2]/div/div/button[1]</arg>
<doc>Waits until the element ``locator`` is visible.</doc>
<status status="PASS" start="2024-09-11T18:27:16.088355" elapsed="0.019534"/>
</kw>
<kw name="Click Button" owner="SeleniumLibrary">
<msg time="2024-09-11T18:27:16.107889" level="INFO">Clicking button 'xpath=/html/body/div/div[2]/div/div/button[1]'.</msg>
<arg>xpath=/html/body/div/div[2]/div/div/button[1]</arg>
<doc>Clicks the button identified by ``locator``.</doc>
<status status="PASS" start="2024-09-11T18:27:16.107889" elapsed="0.066685"/>
</kw>
<kw name="Sleep" owner="BuiltIn">
<msg time="2024-09-11T18:27:18.174964" level="INFO">Slept 2 seconds.</msg>
<arg>2s</arg>
<doc>Pauses the test executed for the given time.</doc>
<status status="PASS" start="2024-09-11T18:27:16.174574" elapsed="2.000390"/>
</kw>
<kw name="Click Button" owner="SeleniumLibrary">
<msg time="2024-09-11T18:27:18.174964" level="INFO">Clicking button 'xpath=/html/body/div/section[3]/button[1]'.</msg>
<arg>xpath=/html/body/div/section[3]/button[1]</arg>
<doc>Clicks the button identified by ``locator``.</doc>
<status status="PASS" start="2024-09-11T18:27:18.174964" elapsed="0.081815"/>
</kw>
<kw name="Sleep" owner="BuiltIn">
<msg time="2024-09-11T18:27:20.257977" level="INFO">Slept 2 seconds.</msg>
<arg>2s</arg>
<doc>Pauses the test executed for the given time.</doc>
<status status="PASS" start="2024-09-11T18:27:18.257308" elapsed="2.000778"/>
</kw>
<kw name="Wait Until Page Contains" owner="SeleniumLibrary">
<arg>${SALDO_ATUAL}</arg>
<arg>timeout=5s</arg>
<doc>Waits until ``text`` appears on the current page.</doc>
<status status="PASS" start="2024-09-11T18:27:20.258086" elapsed="0.014576"/>
</kw>
<kw name="Click Button" owner="SeleniumLibrary">
<msg time="2024-09-11T18:27:20.273726" level="INFO">Clicking button 'xpath=/html/body/div/section[3]/button[3]'.</msg>
<arg>xpath=/html/body/div/section[3]/button[3]</arg>
<doc>Clicks the button identified by ``locator``.</doc>
<status status="PASS" start="2024-09-11T18:27:20.273726" elapsed="0.085537"/>
</kw>
<kw name="Sleep" owner="BuiltIn">
<msg time="2024-09-11T18:27:22.359384" level="INFO">Slept 2 seconds.</msg>
<arg>2s</arg>
<doc>Pauses the test executed for the given time.</doc>
<status status="PASS" start="2024-09-11T18:27:20.359263" elapsed="2.000121"/>
</kw>
<kw name="Wait Until Element Is Visible" owner="SeleniumLibrary">
<arg>xpath=/html/body/div/section/button[1]</arg>
<doc>Waits until the element ``locator`` is visible.</doc>
<status status="PASS" start="2024-09-11T18:27:22.360076" elapsed="0.019719"/>
</kw>
<kw name="Click Button" owner="SeleniumLibrary">
<msg time="2024-09-11T18:27:22.380872" level="INFO">Clicking button 'xpath=/html/body/div/section/button[1]'.</msg>
<arg>xpath=/html/body/div/section/button[1]</arg>
<doc>Clicks the button identified by ``locator``.</doc>
<status status="PASS" start="2024-09-11T18:27:22.380872" elapsed="0.059576"/>
</kw>
<kw name="Input Text" owner="SeleniumLibrary">
<msg time="2024-09-11T18:27:22.442967" level="INFO">Typing text 'Teste 1' into text field 'xpath=//*[@id="name"]'.</msg>
<arg>xpath=//*[@id="name"]</arg>
<arg>${NAME}</arg>
<doc>Types the given ``text`` into the text field identified by ``locator``.</doc>
<status status="PASS" start="2024-09-11T18:27:22.440448" elapsed="0.106598"/>
</kw>
<kw name="Input Text" owner="SeleniumLibrary">
<msg time="2024-09-11T18:27:22.547046" level="INFO">Typing text '2500' into text field 'xpath=//*[@id="entryAmount"]'.</msg>
<arg>xpath=//*[@id="entryAmount"]</arg>
<arg>${VALUE}</arg>
<doc>Types the given ``text`` into the text field identified by ``locator``.</doc>
<status status="PASS" start="2024-09-11T18:27:22.547046" elapsed="0.083604"/>
</kw>
<kw name="Click Element" owner="SeleniumLibrary">
<msg time="2024-09-11T18:27:22.633101" level="INFO">Clicking element 'xpath=//*[@id="recorrente"]'.</msg>
<arg>xpath=//*[@id="recorrente"]</arg>
<doc>Click the element identified by ``locator``.</doc>
<status status="PASS" start="2024-09-11T18:27:22.630650" elapsed="0.052184"/>
</kw>
<kw name="Input Text" owner="SeleniumLibrary">
<msg time="2024-09-11T18:27:22.684344" level="INFO">Typing text '25/08/2024' into text field 'xpath=//*[@id="entryDate"]'.</msg>
<arg>xpath=//*[@id="entryDate"]</arg>
<arg>${DATA}</arg>
<doc>Types the given ``text`` into the text field identified by ``locator``.</doc>
<status status="PASS" start="2024-09-11T18:27:22.684344" elapsed="0.089471"/>
</kw>
<kw name="Select From List By Label" owner="SeleniumLibrary">
<msg time="2024-09-11T18:27:22.774862" level="INFO">Selecting options from selection list 'xpath=//*[@id="category"]' by label Outros.</msg>
<arg>xpath=//*[@id="category"]</arg>
<arg>${CATEGORY}</arg>
<doc>Selects options from selection list ``locator`` by ``labels``.</doc>
<status status="PASS" start="2024-09-11T18:27:22.773815" elapsed="0.076345"/>
</kw>
<kw name="Input Text" owner="SeleniumLibrary">
<msg time="2024-09-11T18:27:22.853476" level="INFO">Typing text 'Mensagem de teste 1' into text field 'xpath=//*[@id="mensagem"]'.</msg>
<arg>xpath=//*[@id="mensagem"]</arg>
<arg>${MESSAGE}</arg>
<doc>Types the given ``text`` into the text field identified by ``locator``.</doc>
<status status="PASS" start="2024-09-11T18:27:22.853476" elapsed="0.133223"/>
</kw>
<kw name="Click Element" owner="SeleniumLibrary">
<msg time="2024-09-11T18:27:22.986699" level="INFO">Clicking element 'xpath=/html/body/div/div[1]/div/form/div[7]/button[2]'.</msg>
<arg>xpath=/html/body/div/div[1]/div/form/div[7]/button[2]</arg>
<doc>Click the element identified by ``locator``.</doc>
<status status="PASS" start="2024-09-11T18:27:22.986699" elapsed="0.055382"/>
</kw>
<kw name="Sleep" owner="BuiltIn">
<msg time="2024-09-11T18:27:25.043292" level="INFO">Slept 2 seconds.</msg>
<arg>2s</arg>
<doc>Pauses the test executed for the given time.</doc>
<status status="PASS" start="2024-09-11T18:27:23.042081" elapsed="2.001211"/>
</kw>
<kw name="Close Browser" owner="SeleniumLibrary" type="TEARDOWN">
<doc>Closes the current browser.</doc>
<status status="PASS" start="2024-09-11T18:27:25.043292" elapsed="2.270492"/>
</kw>
<doc>Test para registrar e rmeover entrada no sistema Finansave.</doc>
<status status="PASS" start="2024-09-11T18:27:02.623362" elapsed="24.690422"/>
</test>
<status status="PASS" start="2024-09-11T18:27:02.383668" elapsed="24.930116"/>
</suite>
<statistics>
<total>
<stat pass="1" fail="0" skip="0">All Tests</stat>
</total>
<tag>
</tag>
<suite>
<stat pass="1" fail="0" skip="0" id="s1" name="CT04-entry">CT04-entry</stat>
</suite>
</statistics>
<errors>
</errors>
</robot>
